<?xml version="1.0" encoding="UTF-8"?>
<testng-results ignored="0" total="1" passed="1" failed="0" skipped="0">
  <reporter-output>
  </reporter-output>
  <suite started-at="2023-08-07T11:17:41 IST" name="Default suite" finished-at="2023-08-07T11:17:51 IST" duration-ms="9378">
    <groups>
    </groups>
    <test started-at="2023-08-07T11:17:41 IST" name="Default test" finished-at="2023-08-07T11:17:51 IST" duration-ms="9378">
      <class name="TESTNG.LoginTest_Using_POM">
        <test-method is-config="true" signature="setupBrowser()[pri:0, instance:TESTNG.LoginTest_Using_POM@77fbd92c]" started-at="2023-08-07T11:17:41 IST" name="setupBrowser" finished-at="2023-08-07T11:17:48 IST" duration-ms="6850" status="PASS">
          <reporter-output>
          </reporter-output>
        </test-method> <!-- setupBrowser -->
        <test-method signature="login()[pri:0, instance:TESTNG.LoginTest_Using_POM@77fbd92c]" started-at="2023-08-07T11:17:48 IST" name="login" finished-at="2023-08-07T11:17:50 IST" duration-ms="2182" status="PASS">
          <reporter-output>
          </reporter-output>
        </test-method> <!-- login -->
        <test-method is-config="true" signature="closeBrowser()[pri:0, instance:TESTNG.LoginTest_Using_POM@77fbd92c]" started-at="2023-08-07T11:17:50 IST" name="closeBrowser" finished-at="2023-08-07T11:17:51 IST" duration-ms="282" status="PASS">
          <reporter-output>
          </reporter-output>
        </test-method> <!-- closeBrowser -->
      </class> <!-- TESTNG.LoginTest_Using_POM -->
    </test> <!-- Default test -->
  </suite> <!-- Default suite -->
</testng-results>
